========================================================================
Updated at: 2026-06-06 19:50:35
CSV: C:\2026\kenkyu\elo\npb\2026\game_results_jp_2026.csv
Games: 0
No games found.
========================================================================
Updated at: 2026-06-06 19:57:32
CSV: C:\2026\kenkyu\elo\npb\2026\game_results_jp_2026.csv
Games: 335
Period: 2026-03-27 - 2026-06-05
 rank   team final_elo
    1     西武    1583.8
    2     巨人    1542.2
    3 ソフトバンク    1539.3
    4    ロッテ    1523.0
    5   日本ハム    1521.0
    6     阪神    1518.9
    7   ヤクルト    1518.2
    8  オリックス    1499.3
    9   DeNA    1477.2
   10     中日    1438.2
   11     広島    1433.1
   12     楽天    1405.7
========================================================================
Target: All NPB
Updated at: 2026-06-06 19:59:37
CSV: C:\2026\kenkyu\elo\npb\2026\game_results_jp_2026.csv
Games: 335
Period: 2026-03-27 - 2026-06-05
 rank   team final_elo
    1     西武    1583.8
    2     巨人    1542.2
    3 ソフトバンク    1539.3
    4    ロッテ    1523.0
    5   日本ハム    1521.0
    6     阪神    1518.9
    7   ヤクルト    1518.2
    8  オリックス    1499.3
    9   DeNA    1477.2
   10     中日    1438.2
   11     広島    1433.1
   12     楽天    1405.7
========================================================================
Target: Central League
Updated at: 2026-06-06 19:59:37
CSV: C:\2026\kenkyu\elo\npb\2026\game_results_jp_2026.csv
Games: 137
Period: 2026-03-27 - 2026-05-24
 rank team final_elo
    1   阪神    1555.8
    2 ヤクルト    1541.7
    3   巨人    1505.8
    4 DeNA    1491.3
    5   広島    1481.2
    6   中日    1424.2
========================================================================
Target: Pacific League
Updated at: 2026-06-06 19:59:37
CSV: C:\2026\kenkyu\elo\npb\2026\game_results_jp_2026.csv
Games: 140
Period: 2026-03-27 - 2026-05-24
 rank   team final_elo
    1     西武    1560.6
    2  オリックス    1516.5
    3    ロッテ    1499.8
    4 ソフトバンク    1490.9
    5   日本ハム    1488.7
    6     楽天    1443.5
========================================================================
Target: All NPB
Updated at: 2026-06-06 20:05:23
CSV: C:\2026\kenkyu\elo\npb\2026\game_results_jp_2026.csv
Games: 340
Period: 2026-03-27 - 2026-06-06
 rank   team final_elo
    1     西武    1590.7
    2 ソフトバンク    1548.5
    3     巨人    1542.2
    4   日本ハム    1531.9
    5     阪神    1524.8
    6    ロッテ    1523.0
    7   ヤクルト    1507.3
    8  オリックス    1488.4
    9   DeNA    1468.0
   10     広島    1444.0
   11     中日    1431.2
   12     楽天    1399.7
========================================================================
Target: Central League
Updated at: 2026-06-06 20:05:23
CSV: C:\2026\kenkyu\elo\npb\2026\game_results_jp_2026.csv
Games: 137
Period: 2026-03-27 - 2026-05-24
 rank team final_elo
    1   阪神    1555.8
    2 ヤクルト    1541.7
    3   巨人    1505.8
    4 DeNA    1491.3
    5   広島    1481.2
    6   中日    1424.2
========================================================================
Target: Pacific League
Updated at: 2026-06-06 20:05:23
CSV: C:\2026\kenkyu\elo\npb\2026\game_results_jp_2026.csv
Games: 140
Period: 2026-03-27 - 2026-05-24
 rank   team final_elo
    1     西武    1560.6
    2  オリックス    1516.5
    3    ロッテ    1499.8
    4 ソフトバンク    1490.9
    5   日本ハム    1488.7
    6     楽天    1443.5
========================================================================
Target: All NPB
Updated at: 2026-06-06 20:07:35
CSV: C:\2026\kenkyu\elo\npb\2026\game_results_jp_2026.csv
Games: 340
Period: 2026-03-27 - 2026-06-06
 rank   team final_elo
    1     西武    1590.7
    2 ソフトバンク    1548.5
    3     巨人    1542.2
    4   日本ハム    1531.9
    5     阪神    1524.8
    6    ロッテ    1523.0
    7   ヤクルト    1507.3
    8  オリックス    1488.4
    9   DeNA    1468.0
   10     広島    1444.0
   11     中日    1431.2
   12     楽天    1399.7
========================================================================
Target: Central League
Updated at: 2026-06-06 20:07:35
CSV: C:\2026\kenkyu\elo\npb\2026\game_results_jp_2026.csv
Games: 137
Period: 2026-03-27 - 2026-05-24
 rank team final_elo
    1   阪神    1555.8
    2 ヤクルト    1541.7
    3   巨人    1505.8
    4 DeNA    1491.3
    5   広島    1481.2
    6   中日    1424.2
========================================================================
Target: Pacific League
Updated at: 2026-06-06 20:07:35
CSV: C:\2026\kenkyu\elo\npb\2026\game_results_jp_2026.csv
Games: 140
Period: 2026-03-27 - 2026-05-24
 rank   team final_elo
    1     西武    1560.6
    2  オリックス    1516.5
    3    ロッテ    1499.8
    4 ソフトバンク    1490.9
    5   日本ハム    1488.7
    6     楽天    1443.5
========================================================================
Target: All NPB
Updated at: 2026-06-06 20:19:50
CSV: C:\2026\kenkyu\elo\npb\2026\game_results_jp_2026.csv
Games: 340
Period: 2026-03-27 - 2026-06-06
 rank   team final_elo
    1     西武    1601.8
    2 ソフトバンク    1555.6
    3     巨人    1549.1
    4   日本ハム    1538.0
    5    ロッテ    1529.8
    6     阪神    1525.0
    7   ヤクルト    1502.5
    8  オリックス    1480.7
    9   DeNA    1463.4
   10     広島    1440.2
   11     中日    1427.5
   12     楽天    1386.5
========================================================================
Target: Central League
Updated at: 2026-06-06 20:19:50
CSV: C:\2026\kenkyu\elo\npb\2026\game_results_jp_2026.csv
Games: 200
Period: 2026-03-27 - 2026-06-06
 rank team final_elo
    1   巨人    1549.1
    2   阪神    1525.0
    3 ヤクルト    1502.5
    4 DeNA    1463.4
    5   広島    1440.2
    6   中日    1427.5
========================================================================
Target: Pacific League
Updated at: 2026-06-06 20:19:50
CSV: C:\2026\kenkyu\elo\npb\2026\game_results_jp_2026.csv
Games: 203
Period: 2026-03-27 - 2026-06-06
 rank   team final_elo
    1     西武    1601.8
    2 ソフトバンク    1555.6
    3   日本ハム    1538.0
    4    ロッテ    1529.8
    5  オリックス    1480.7
    6     楽天    1386.5
========================================================================
Target: All NPB
Updated at: 2026-06-06 20:22:00
CSV: C:\2026\kenkyu\elo\npb\2026\game_results_jp_2026.csv
Games: 340
Period: 2026-03-27 - 2026-06-06
 rank   team final_elo
    1     西武    1601.8
    2 ソフトバンク    1555.6
    3     巨人    1549.1
    4   日本ハム    1538.0
    5    ロッテ    1529.8
    6     阪神    1525.0
    7   ヤクルト    1502.5
    8  オリックス    1480.7
    9   DeNA    1463.4
   10     広島    1440.2
   11     中日    1427.5
   12     楽天    1386.5
========================================================================
Target: Central League
Updated at: 2026-06-06 20:22:00
CSV: C:\2026\kenkyu\elo\npb\2026\game_results_jp_2026.csv
Games: 200
Period: 2026-03-27 - 2026-06-06
 rank team final_elo
    1   巨人    1549.1
    2   阪神    1525.0
    3 ヤクルト    1502.5
    4 DeNA    1463.4
    5   広島    1440.2
    6   中日    1427.5
========================================================================
Target: Pacific League
Updated at: 2026-06-06 20:22:00
CSV: C:\2026\kenkyu\elo\npb\2026\game_results_jp_2026.csv
Games: 203
Period: 2026-03-27 - 2026-06-06
 rank   team final_elo
    1     西武    1601.8
    2 ソフトバンク    1555.6
    3   日本ハム    1538.0
    4    ロッテ    1529.8
    5  オリックス    1480.7
    6     楽天    1386.5
========================================================================
Target: Interleague
Updated at: 2026-06-06 20:22:00
CSV: C:\2026\kenkyu\elo\npb\2026\game_results_jp_2026.csv
Games: 63
Period: 2026-05-26 - 2026-06-06
 rank   team final_elo
    1     西武    1601.8
    2 ソフトバンク    1555.6
    3     巨人    1549.1
    4   日本ハム    1538.0
    5    ロッテ    1529.8
    6     阪神    1525.0
    7   ヤクルト    1502.5
    8  オリックス    1480.7
    9   DeNA    1463.4
   10     広島    1440.2
   11     中日    1427.5
   12     楽天    1386.5
